[+] plthook_open_executable(): base=0x400000 (pid=17553)
[+] setup_plt_info(): 0x602018(0x7fd77d20ba30) RSA_private_decrypt
[+] setup_plt_info(): 0x602040(0x400a46) RSA_private_encrypt
[+] setup_plt_info(): 0x602048(0x400a56) ERR_load_crypto_strings
[+] setup_plt_info(): 0x602050(0x7fd77d21dc70) BIO_new_mem_buf
[+] setup_plt_info(): 0x602068(0x400a96) ERR_get_error
[+] setup_plt_info(): 0x602070(0x400aa6) ERR_error_string
[+] setup_plt_info(): 0x602078(0x7fd77d25bb20) PEM_read_bio_RSA_PUBKEY
[+] setup_plt_info(): 0x602090(0x7fd77d20ba10) RSA_public_encrypt
[+] setup_plt_info(): 0x602098(0x7fd77d25b9e0) PEM_read_bio_RSAPrivateKey
[+] setup_plt_info(): 0x6020a0(0x400b06) RSA_public_decrypt
[+] plthook_getseginfo(): [text segment] vaddr=(nil), memsize=21948c
[+] plthook_getseginfo(): [data segment] vaddr=0x419a88, memsize=2a0f8
[+] dump_plt_info(): num_of_plts=10
[+] dump_plt_info(): [0] 0x602018:RSA_private_decrypt
[+] dump_plt_info(): [1] 0x602040:RSA_private_encrypt
[+] dump_plt_info(): [2] 0x602048:ERR_load_crypto_strings
[+] dump_plt_info(): [3] 0x602050:BIO_new_mem_buf
[+] dump_plt_info(): [4] 0x602068:ERR_get_error
[+] dump_plt_info(): [5] 0x602070:ERR_error_string
[+] dump_plt_info(): [6] 0x602078:PEM_read_bio_RSA_PUBKEY
[+] dump_plt_info(): [7] 0x602090:RSA_public_encrypt
[+] dump_plt_info(): [8] 0x602098:PEM_read_bio_RSAPrivateKey
[+] dump_plt_info(): [9] 0x6020a0:RSA_public_decrypt
[+] disp_mmap(): mapped.. (text_addr=0x8000000, size=0x23948c)
[+] disp_mmap(): mapped.. (data_addr=0x8419000, size=0x4ab80)
[+] hook():BIO_new_mem_buf=0x8111c70
[+] hook():PEM_read_bio_RSAPrivateKey=0x814f9e0
[+] hook():RSA_private_encrypt=0x80ffa20
[+] hook():BIO_new_mem_buf=0x8111c70
[+] hook():PEM_read_bio_RSA_PUBKEY=0x814fb20
[+] hook():RSA_public_decrypt=0x80ffa40
[+] hook():BIO_new_mem_buf=0x8111cb0
[+] hook():PEM_read_bio_RSA_PUBKEY=0x814fb60
[+] hook():RSA_public_encrypt=0x80ffa50
[+] hook():BIO_new_mem_buf=0x8111cb0
[+] hook():PEM_read_bio_RSAPrivateKey=0x814fa20
[+] hook():RSA_private_decrypt=0x80ffa70
[+] hook():BIO_new_mem_buf=0x8111cb0
[+] hook():PEM_read_bio_RSAPrivateKey=0x814fa20
[+] hook():RSA_private_encrypt=0x80ffa60
[+] hook():BIO_new_mem_buf=0x8111cb0
[+] hook():PEM_read_bio_RSA_PUBKEY=0x814fb60
[+] hook():RSA_public_decrypt=0x80ffa80
[+] hook():BIO_new_mem_buf=0x8111cf0
[+] hook():PEM_read_bio_RSA_PUBKEY=0x814fba0
[+] hook():RSA_public_encrypt=0x80ffa90
[+] hook():BIO_new_mem_buf=0x8111cf0
[+] hook():PEM_read_bio_RSAPrivateKey=0x814fa60
[+] hook():RSA_private_decrypt=0x80ffab0
[+] hook():BIO_new_mem_buf=0x8111cf0
[+] hook():PEM_read_bio_RSAPrivateKey=0x814fa60
[+] hook():RSA_private_encrypt=0x80ffaa0
[+] hook():BIO_new_mem_buf=0x8111cf0
[+] hook():PEM_read_bio_RSA_PUBKEY=0x814fba0
[+] hook():RSA_public_decrypt=0x80ffac0
[+] hook():BIO_new_mem_buf=0x8111d30
[+] hook():PEM_read_bio_RSA_PUBKEY=0x814fbe0
[+] hook():RSA_public_encrypt=0x80ffad0
[+] hook():BIO_new_mem_buf=0x8111d30
[+] hook():PEM_read_bio_RSAPrivateKey=0x814faa0
[+] hook():RSA_private_decrypt=0x80ffaf0
[+] hook():BIO_new_mem_buf=0x8111d30
[+] hook():PEM_read_bio_RSAPrivateKey=0x814faa0
[+] hook():RSA_private_encrypt=0x80ffae0
[+] hook():BIO_new_mem_buf=0x8111d30
[+] hook():PEM_read_bio_RSA_PUBKEY=0x814fbe0
[+] hook():RSA_public_decrypt=0x80ffb00
[+] hook():BIO_new_mem_buf=0x8111d70
[+] hook():PEM_read_bio_RSA_PUBKEY=0x814fc20
[+] hook():RSA_public_encrypt=0x80ffb10
[+] hook():BIO_new_mem_buf=0x8111d70
[+] hook():PEM_read_bio_RSAPrivateKey=0x814fae0
[+] hook():RSA_private_decrypt=0x80ffb30
[+] hook():BIO_new_mem_buf=0x8111d70
[+] hook():PEM_read_bio_RSAPrivateKey=0x814fae0
[+] hook():RSA_private_encrypt=0x80ffb20
[+] hook():BIO_new_mem_buf=0x8111d70
[+] hook():PEM_read_bio_RSA_PUBKEY=0x814fc20
[+] hook():RSA_public_decrypt=0x80ffb40
[+] hook():BIO_new_mem_buf=0x8111db0
[+] hook():PEM_read_bio_RSA_PUBKEY=0x814fc60
[+] hook():RSA_public_encrypt=0x80ffb50
[+] hook():BIO_new_mem_buf=0x8111db0
[+] hook():PEM_read_bio_RSAPrivateKey=0x814fb20
[+] hook():RSA_private_decrypt=0x80ffb70
[+] hook():BIO_new_mem_buf=0x8111db0
[+] hook():PEM_read_bio_RSAPrivateKey=0x814fb20
[+] hook():RSA_private_encrypt=0x80ffb60
[+] hook():BIO_new_mem_buf=0x8111db0
[+] hook():PEM_read_bio_RSA_PUBKEY=0x814fc60
[+] hook():RSA_public_decrypt=0x80ffb80
[+] hook():BIO_new_mem_buf=0x8111df0
[+] hook():PEM_read_bio_RSA_PUBKEY=0x814fca0
[+] hook():RSA_public_encrypt=0x80ffb90
[+] hook():BIO_new_mem_buf=0x8111df0
[+] hook():PEM_read_bio_RSAPrivateKey=0x814fb60
[+] hook():RSA_private_decrypt=0x80ffbb0
[+] hook():BIO_new_mem_buf=0x8111df0
[+] hook():PEM_read_bio_RSAPrivateKey=0x814fb60
[+] hook():RSA_private_encrypt=0x80ffba0
[+] hook():BIO_new_mem_buf=0x8111df0
[+] hook():PEM_read_bio_RSA_PUBKEY=0x814fca0
[+] hook():RSA_public_decrypt=0x80ffbc0
[+] hook():BIO_new_mem_buf=0x8111e30
[+] hook():PEM_read_bio_RSA_PUBKEY=0x814fce0
[+] hook():RSA_public_encrypt=0x80ffbd0
[+] hook():BIO_new_mem_buf=0x8111e30
[+] hook():PEM_read_bio_RSAPrivateKey=0x814fba0
[+] hook():RSA_private_decrypt=0x80ffbf0
[+] hook():BIO_new_mem_buf=0x8111e30
[+] hook():PEM_read_bio_RSAPrivateKey=0x814fba0
[+] hook():RSA_private_encrypt=0x80ffbe0
[+] hook():BIO_new_mem_buf=0x8111e30
[+] hook():PEM_read_bio_RSA_PUBKEY=0x814fce0
[+] hook():RSA_public_decrypt=0x80ffc00
[+] hook():BIO_new_mem_buf=0x8111e70
[+] hook():PEM_read_bio_RSA_PUBKEY=0x814fd20
[+] hook():RSA_public_encrypt=0x80ffc10
[+] hook():BIO_new_mem_buf=0x8111e70
[+] hook():PEM_read_bio_RSAPrivateKey=0x814fbe0
[+] hook():RSA_private_decrypt=0x80ffc30
[+] hook():BIO_new_mem_buf=0x8111e70
[+] hook():PEM_read_bio_RSAPrivateKey=0x814fbe0
[+] hook():RSA_private_encrypt=0x80ffc20
[+] hook():BIO_new_mem_buf=0x8111e70
[+] hook():PEM_read_bio_RSA_PUBKEY=0x814fd20
[+] hook():RSA_public_decrypt=0x80ffc40
[+] hook():BIO_new_mem_buf=0x8111eb0
[+] hook():PEM_read_bio_RSA_PUBKEY=0x814fd60
[+] hook():RSA_public_encrypt=0x80ffc50
[+] hook():BIO_new_mem_buf=0x8111eb0
[+] hook():PEM_read_bio_RSAPrivateKey=0x814fc20
[+] hook():RSA_private_decrypt=0x80ffc70
[+] hook():BIO_new_mem_buf=0x8111eb0
[+] hook():PEM_read_bio_RSAPrivateKey=0x814fc20
[+] hook():RSA_private_encrypt=0x80ffc60
[+] hook():BIO_new_mem_buf=0x8111eb0
[+] hook():PEM_read_bio_RSA_PUBKEY=0x814fd60
[+] hook():RSA_public_decrypt=0x80ffc80
[+] hook():BIO_new_mem_buf=0x8111ef0
[+] hook():PEM_read_bio_RSA_PUBKEY=0x814fda0
[+] hook():RSA_public_encrypt=0x80ffc90
[+] hook():BIO_new_mem_buf=0x8111ef0
[+] hook():PEM_read_bio_RSAPrivateKey=0x814fc60
[+] hook():RSA_private_decrypt=0x80ffcb0
[+] hook():BIO_new_mem_buf=0x8111ef0
[+] hook():PEM_read_bio_RSAPrivateKey=0x814fc60
[+] hook():RSA_private_encrypt=0x80ffca0
[+] hook():BIO_new_mem_buf=0x8111ef0
[+] hook():PEM_read_bio_RSA_PUBKEY=0x814fda0
[+] hook():RSA_public_decrypt=0x80ffcc0
[+] hook():BIO_new_mem_buf=0x8111f30
[+] hook():PEM_read_bio_RSA_PUBKEY=0x814fde0
[+] hook():RSA_public_encrypt=0x80ffcd0
[+] hook():BIO_new_mem_buf=0x8111f30
[+] hook():PEM_read_bio_RSAPrivateKey=0x814fca0
[+] hook():RSA_private_decrypt=0x80ffcf0
[+] hook():BIO_new_mem_buf=0x8111f30
[+] hook():PEM_read_bio_RSAPrivateKey=0x814fca0
[+] hook():RSA_private_encrypt=0x80ffce0
[+] hook():BIO_new_mem_buf=0x8111f30
[+] hook():PEM_read_bio_RSA_PUBKEY=0x814fde0
[+] hook():RSA_public_decrypt=0x80ffd00
[+] hook():BIO_new_mem_buf=0x8111f70
[+] hook():PEM_read_bio_RSA_PUBKEY=0x814fe20
[+] hook():RSA_public_encrypt=0x80ffd10
[+] hook():BIO_new_mem_buf=0x8111f70
[+] hook():PEM_read_bio_RSAPrivateKey=0x814fce0
[+] hook():RSA_private_decrypt=0x80ffd30
[+] hook():BIO_new_mem_buf=0x8111f70
[+] hook():PEM_read_bio_RSAPrivateKey=0x814fce0
[+] hook():RSA_private_encrypt=0x80ffd20
[+] hook():BIO_new_mem_buf=0x8111f70
[+] hook():PEM_read_bio_RSA_PUBKEY=0x814fe20
[+] hook():RSA_public_decrypt=0x80ffd40
[+] hook():BIO_new_mem_buf=0x8111fb0
[+] hook():PEM_read_bio_RSA_PUBKEY=0x814fe60
[+] hook():RSA_public_encrypt=0x80ffd50
[+] hook():BIO_new_mem_buf=0x8111fb0
[+] hook():PEM_read_bio_RSAPrivateKey=0x814fd20
[+] hook():RSA_private_decrypt=0x80ffd70
[+] hook():BIO_new_mem_buf=0x8111fb0
[+] hook():PEM_read_bio_RSAPrivateKey=0x814fd20
[+] hook():RSA_private_encrypt=0x80ffd60
[+] hook():BIO_new_mem_buf=0x8111fb0
[+] hook():PEM_read_bio_RSA_PUBKEY=0x814fe60
[+] hook():RSA_public_decrypt=0x80ffd80
[+] hook():BIO_new_mem_buf=0x8111ff0
[+] hook():PEM_read_bio_RSA_PUBKEY=0x814fea0
[+] hook():RSA_public_encrypt=0x80ffd90
[+] hook():BIO_new_mem_buf=0x8111ff0
[+] hook():PEM_read_bio_RSAPrivateKey=0x814fd60
[+] hook():RSA_private_decrypt=0x80ffdb0
[+] hook():BIO_new_mem_buf=0x8111ff0
[+] hook():PEM_read_bio_RSAPrivateKey=0x814fd60
[+] hook():RSA_private_encrypt=0x80ffda0
[+] hook():BIO_new_mem_buf=0x8111ff0
[+] hook():PEM_read_bio_RSA_PUBKEY=0x814fea0
[+] hook():RSA_public_decrypt=0x80ffdc0
[+] hook():BIO_new_mem_buf=0x8112030
[+] hook():PEM_read_bio_RSA_PUBKEY=0x814fee0
[+] hook():RSA_public_encrypt=0x80ffdd0
[+] hook():BIO_new_mem_buf=0x8112030
[+] hook():PEM_read_bio_RSAPrivateKey=0x814fda0
[+] hook():RSA_private_decrypt=0x80ffdf0
[+] hook():BIO_new_mem_buf=0x8112030
[+] hook():PEM_read_bio_RSAPrivateKey=0x814fda0
[+] hook():RSA_private_encrypt=0x80ffde0
[+] hook():BIO_new_mem_buf=0x8112030
[+] hook():PEM_read_bio_RSA_PUBKEY=0x814fee0
[+] hook():RSA_public_decrypt=0x80ffe00
[+] hook():BIO_new_mem_buf=0x8112070
[+] hook():PEM_read_bio_RSA_PUBKEY=0x814ff20
[+] hook():RSA_public_encrypt=0x80ffe10
[+] hook():BIO_new_mem_buf=0x8112070
[+] hook():PEM_read_bio_RSAPrivateKey=0x814fde0
[+] hook():RSA_private_decrypt=0x80ffe30
[+] hook():BIO_new_mem_buf=0x8112070
[+] hook():PEM_read_bio_RSAPrivateKey=0x814fde0
[+] hook():RSA_private_encrypt=0x80ffe20
[+] hook():BIO_new_mem_buf=0x8112070
[+] hook():PEM_read_bio_RSA_PUBKEY=0x814ff20
[+] hook():RSA_public_decrypt=0x80ffe40
[+] hook():BIO_new_mem_buf=0x81120b0
[+] hook():PEM_read_bio_RSA_PUBKEY=0x814ff60
[+] hook():RSA_public_encrypt=0x80ffe50
[+] hook():BIO_new_mem_buf=0x81120b0
[+] hook():PEM_read_bio_RSAPrivateKey=0x814fe20
[+] hook():RSA_private_decrypt=0x80ffe70
[+] hook():BIO_new_mem_buf=0x81120b0
[+] hook():PEM_read_bio_RSAPrivateKey=0x814fe20
[+] hook():RSA_private_encrypt=0x80ffe60
[+] hook():BIO_new_mem_buf=0x81120b0
[+] hook():PEM_read_bio_RSA_PUBKEY=0x814ff60
[+] hook():RSA_public_decrypt=0x80ffe80
[+] hook():BIO_new_mem_buf=0x81120f0
[+] hook():PEM_read_bio_RSA_PUBKEY=0x814ffa0
[+] hook():RSA_public_encrypt=0x80ffe90
[+] hook():BIO_new_mem_buf=0x81120f0
[+] hook():PEM_read_bio_RSAPrivateKey=0x814fe60
[+] hook():RSA_private_decrypt=0x80ffeb0
[+] hook():BIO_new_mem_buf=0x81120f0
[+] hook():PEM_read_bio_RSAPrivateKey=0x814fe60
[+] hook():RSA_private_encrypt=0x80ffea0
[+] hook():BIO_new_mem_buf=0x81120f0
[+] hook():PEM_read_bio_RSA_PUBKEY=0x814ffa0
[+] hook():RSA_public_decrypt=0x80ffec0
